<?xml version="1.0" encoding="UTF-8"?>
<!-- Generated by org.testng.reporters.JUnitXMLReporter -->
<testsuite hostname="DESKTOP-7ELKK84" ignored="0" name="Surefire test" tests="3" failures="0" timestamp="2020-06-12T15:02:30 EEST" time="14.575" errors="0">
  <testcase name="checkCountOfIpadInStockTest" time="3.942" classname="test.CheckCountOfIpadInStockTest"/>
  <testcase name="checkItemsContainsInOrderTest" time="1.242" classname="test.CheckItemsContainsInOrderTest"/>
  <testcase name="checkOutOfStockTest" time="1.291" classname="test.CheckOutOfStockTest"/>
</testsuite> <!-- Surefire test -->
